Using launch settings from C:\Sid\VeloceOne\Within\WithinAPI\Properties\launchSettings.json...
info: Microsoft.EntityFrameworkCore.Database.Command[20101]
      Executed DbCommand (158ms) [Parameters=[], CommandType='Text', CommandTimeout='30']
      SELECT "MigrationId", "ProductVersion"
      FROM within."__EFMigrationsHistory"
      ORDER BY "MigrationId";
info: Microsoft.EntityFrameworkCore.Database.Command[20101]
      Executed DbCommand (142ms) [Parameters=[], CommandType='Text', CommandTimeout='30']
      SELECT 1
info: Microsoft.EntityFrameworkCore.Database.Command[20101]
      Executed DbCommand (147ms) [Parameters=[], CommandType='Text', CommandTimeout='30']
      DO $EF$
      BEGIN
          IF NOT EXISTS(SELECT 1 FROM pg_namespace WHERE nspname = 'within') THEN
              CREATE SCHEMA within;
          END IF;
      END $EF$;
      CREATE TABLE IF NOT EXISTS within."__EFMigrationsHistory" (
          "MigrationId" character varying(150) NOT NULL,
          "ProductVersion" character varying(32) NOT NULL,
          CONSTRAINT "PK___EFMigrationsHistory" PRIMARY KEY ("MigrationId")
      );
info: Microsoft.EntityFrameworkCore.Database.Command[20101]
      Executed DbCommand (145ms) [Parameters=[], CommandType='Text', CommandTimeout='30']
      LOCK TABLE within."__EFMigrationsHistory" IN ACCESS EXCLUSIVE MODE
info: Microsoft.EntityFrameworkCore.Database.Command[20101]
      Executed DbCommand (131ms) [Parameters=[], CommandType='Text', CommandTimeout='30']
      SELECT "MigrationId", "ProductVersion"
      FROM within."__EFMigrationsHistory"
      ORDER BY "MigrationId";
info: Microsoft.EntityFrameworkCore.Migrations[20405]
      No migrations were applied. The database is already up to date.
info: Microsoft.Hosting.Lifetime[14]
      Now listening on: http://localhost:5177
info: Microsoft.Hosting.Lifetime[14]
      Now listening on: http://192.168.1.105:5177
info: Microsoft.Hosting.Lifetime[0]
      Application started. Press Ctrl+C to shut down.
info: Microsoft.Hosting.Lifetime[0]
      Hosting environment: Development
info: Microsoft.Hosting.Lifetime[0]
      Content root path: C:\Sid\VeloceOne\Within\WithinAPI
info: Microsoft.EntityFrameworkCore.Database.Command[20101]
      Executed DbCommand (156ms) [Parameters=[@email='?'], CommandType='Text', CommandTimeout='30']
      SELECT u."Id", u."CreatedUtc", u."DisplayName", u."Email", u."PasswordHash", u."PreferredLens", u."Role"
      FROM within."Users" AS u
      WHERE u."Email" = @email
      LIMIT 1
info: Microsoft.EntityFrameworkCore.Database.Command[20101]
      Executed DbCommand (160ms) [Parameters=[@p0='?' (DbType = Guid), @p1='?' (DbType = DateTime), @p2='?' (DbType = DateTime), @p3='?' (DbType = DateTime), @p4='?', @p5='?' (DbType = Guid)], CommandType='Text', CommandTimeout='30']
      INSERT INTO within."RefreshTokens" ("Id", "CreatedUtc", "ExpiresUtc", "RevokedUtc", "TokenHash", "UserId")
      VALUES (@p0, @p1, @p2, @p3, @p4, @p5);
info: Microsoft.EntityFrameworkCore.Database.Command[20101]
      Executed DbCommand (140ms) [Parameters=[@UserId='?' (DbType = Guid)], CommandType='Text', CommandTimeout='30']
      SELECT p."Id", p."Bio", p."CreatedUtc", p."InstagramUrl", p."IsVerified", p."Lens", p."Location", p."Name", p."OwnerUserId", p."Slug", p."WebsiteUrl"
      FROM within."Providers" AS p
      WHERE p."OwnerUserId" = @UserId
      LIMIT 1
info: Microsoft.EntityFrameworkCore.Database.Command[20101]
      Executed DbCommand (127ms) [Parameters=[@userId='?' (DbType = Guid)], CommandType='Text', CommandTimeout='30']
      SELECT p."Id", p."Bio", p."CreatedUtc", p."InstagramUrl", p."IsVerified", p."Lens", p."Location", p."Name", p."OwnerUserId", p."Slug", p."WebsiteUrl"
      FROM within."Providers" AS p
      WHERE p."OwnerUserId" = @userId
      LIMIT 1
info: Microsoft.EntityFrameworkCore.Database.Command[20101]
      Executed DbCommand (141ms) [Parameters=[@userId='?' (DbType = Guid), @provider_Id='?' (DbType = Guid)], CommandType='Text', CommandTimeout='30']
      SELECT e."Id", e."ProviderId", p."Name", e."Title", e."Description", e."Lens", e."LocationName", e."IsOnline", e."StartUtc", e."EndUtc", e."PriceAmount", e."Currency", e."Capacity", (
          SELECT count(*)::int
          FROM within."EventRegistrations" AS e0
          WHERE e0."EventId" = e."Id" AND e0."State" = 1), EXISTS (
          SELECT 1
          FROM within."SavedEvents" AS s
          WHERE s."EventId" = e."Id" AND s."UserId" = @userId), (
          SELECT e1."State"
          FROM within."EventRegistrations" AS e1
          WHERE e1."EventId" = e."Id" AND e1."UserId" = @userId
          LIMIT 1), e."SignupType", e."ExternalBookingUrl", e."ImageUrl", e."Status", e."Tags"
      FROM within."Events" AS e
      INNER JOIN within."Providers" AS p ON e."ProviderId" = p."Id"
      WHERE e."ProviderId" = @provider_Id
      ORDER BY e."StartUtc" DESC
info: Microsoft.EntityFrameworkCore.Database.Command[20101]
      Executed DbCommand (129ms) [Parameters=[@userId='?' (DbType = Guid)], CommandType='Text', CommandTimeout='30']
      SELECT p."Id", p."Bio", p."CreatedUtc", p."InstagramUrl", p."IsVerified", p."Lens", p."Location", p."Name", p."OwnerUserId", p."Slug", p."WebsiteUrl"
      FROM within."Providers" AS p
      WHERE p."OwnerUserId" = @userId
      LIMIT 1
info: Microsoft.EntityFrameworkCore.Database.Command[20101]
      Executed DbCommand (134ms) [Parameters=[@eventId='?' (DbType = Guid), @provider_Id='?' (DbType = Guid)], CommandType='Text', CommandTimeout='30']
      SELECT e."Id", e."Capacity", e."CreatedUtc", e."Currency", e."Description", e."EndUtc", e."ExternalBookingUrl", e."ImageUrl", e."IsOnline", e."Lens", e."LocationName", e."PriceAmount", e."ProviderId", e."SignupType", e."StartUtc", e."Status", e."Tags", e."Title"
      FROM within."Events" AS e
      WHERE e."Id" = @eventId AND e."ProviderId" = @provider_Id
      LIMIT 1
info: Microsoft.EntityFrameworkCore.Database.Command[20101]
      Executed DbCommand (131ms) [Parameters=[@eventId='?' (DbType = Guid)], CommandType='Text', CommandTimeout='30']
      SELECT e."State", u."Id", u."DisplayName", e."UpdatedUtc"
      FROM within."EventRegistrations" AS e
      INNER JOIN within."Users" AS u ON e."UserId" = u."Id"
      WHERE e."EventId" = @eventId
      ORDER BY e."UpdatedUtc" DESC
info: Microsoft.EntityFrameworkCore.Database.Command[20101]
      Executed DbCommand (129ms) [Parameters=[@eventId='?' (DbType = Guid)], CommandType='Text', CommandTimeout='30']
      SELECT u."Id", u."DisplayName", s."CreatedUtc"
      FROM within."SavedEvents" AS s
      INNER JOIN within."Users" AS u ON s."UserId" = u."Id"
      WHERE s."EventId" = @eventId
      ORDER BY s."CreatedUtc" DESC
info: Microsoft.EntityFrameworkCore.Database.Command[20101]
      Executed DbCommand (125ms) [Parameters=[@userId='?' (DbType = Guid)], CommandType='Text', CommandTimeout='30']
      SELECT p."Id", p."Bio", p."CreatedUtc", p."InstagramUrl", p."IsVerified", p."Lens", p."Location", p."Name", p."OwnerUserId", p."Slug", p."WebsiteUrl"
      FROM within."Providers" AS p
      WHERE p."OwnerUserId" = @userId
      LIMIT 1
info: Microsoft.EntityFrameworkCore.Database.Command[20101]
      Executed DbCommand (125ms) [Parameters=[@userId='?' (DbType = Guid), @provider_Id='?' (DbType = Guid)], CommandType='Text', CommandTimeout='30']
      SELECT e."Id", e."ProviderId", p."Name", e."Title", e."Description", e."Lens", e."LocationName", e."IsOnline", e."StartUtc", e."EndUtc", e."PriceAmount", e."Currency", e."Capacity", (
          SELECT count(*)::int
          FROM within."EventRegistrations" AS e0
          WHERE e0."EventId" = e."Id" AND e0."State" = 1), EXISTS (
          SELECT 1
          FROM within."SavedEvents" AS s
          WHERE s."EventId" = e."Id" AND s."UserId" = @userId), (
          SELECT e1."State"
          FROM within."EventRegistrations" AS e1
          WHERE e1."EventId" = e."Id" AND e1."UserId" = @userId
          LIMIT 1), e."SignupType", e."ExternalBookingUrl", e."ImageUrl", e."Status", e."Tags"
      FROM within."Events" AS e
      INNER JOIN within."Providers" AS p ON e."ProviderId" = p."Id"
      WHERE e."ProviderId" = @provider_Id
      ORDER BY e."StartUtc" DESC
info: Microsoft.EntityFrameworkCore.Database.Command[20101]
      Executed DbCommand (127ms) [Parameters=[@UserId='?' (DbType = Guid)], CommandType='Text', CommandTimeout='30']
      SELECT p."Id", p."Bio", p."CreatedUtc", p."InstagramUrl", p."IsVerified", p."Lens", p."Location", p."Name", p."OwnerUserId", p."Slug", p."WebsiteUrl"
      FROM within."Providers" AS p
      WHERE p."OwnerUserId" = @UserId
      LIMIT 1
info: Microsoft.EntityFrameworkCore.Database.Command[20101]
      Executed DbCommand (137ms) [Parameters=[@UserId='?' (DbType = Guid)], CommandType='Text', CommandTimeout='30']
      SELECT p."Id", p."Bio", p."CreatedUtc", p."InstagramUrl", p."IsVerified", p."Lens", p."Location", p."Name", p."OwnerUserId", p."Slug", p."WebsiteUrl"
      FROM within."Providers" AS p
      WHERE p."OwnerUserId" = @UserId
      LIMIT 1
info: Microsoft.EntityFrameworkCore.Database.Command[20101]
      Executed DbCommand (138ms) [Parameters=[@userId='?' (DbType = Guid)], CommandType='Text', CommandTimeout='30']
      SELECT p."Id", p."Bio", p."CreatedUtc", p."InstagramUrl", p."IsVerified", p."Lens", p."Location", p."Name", p."OwnerUserId", p."Slug", p."WebsiteUrl"
      FROM within."Providers" AS p
      WHERE p."OwnerUserId" = @userId
      LIMIT 1
info: Microsoft.EntityFrameworkCore.Database.Command[20101]
      Executed DbCommand (125ms) [Parameters=[@userId='?' (DbType = Guid), @provider_Id='?' (DbType = Guid)], CommandType='Text', CommandTimeout='30']
      SELECT e."Id", e."ProviderId", p."Name", e."Title", e."Description", e."Lens", e."LocationName", e."IsOnline", e."StartUtc", e."EndUtc", e."PriceAmount", e."Currency", e."Capacity", (
          SELECT count(*)::int
          FROM within."EventRegistrations" AS e0
          WHERE e0."EventId" = e."Id" AND e0."State" = 1), EXISTS (
          SELECT 1
          FROM within."SavedEvents" AS s
          WHERE s."EventId" = e."Id" AND s."UserId" = @userId), (
          SELECT e1."State"
          FROM within."EventRegistrations" AS e1
          WHERE e1."EventId" = e."Id" AND e1."UserId" = @userId
          LIMIT 1), e."SignupType", e."ExternalBookingUrl", e."ImageUrl", e."Status", e."Tags"
      FROM within."Events" AS e
      INNER JOIN within."Providers" AS p ON e."ProviderId" = p."Id"
      WHERE e."ProviderId" = @provider_Id
      ORDER BY e."StartUtc" DESC
info: Microsoft.EntityFrameworkCore.Database.Command[20101]
      Executed DbCommand (125ms) [Parameters=[@userId='?' (DbType = Guid)], CommandType='Text', CommandTimeout='30']
      SELECT p."Id", p."Bio", p."CreatedUtc", p."InstagramUrl", p."IsVerified", p."Lens", p."Location", p."Name", p."OwnerUserId", p."Slug", p."WebsiteUrl"
      FROM within."Providers" AS p
      WHERE p."OwnerUserId" = @userId
      LIMIT 1
info: Microsoft.EntityFrameworkCore.Database.Command[20101]
      Executed DbCommand (125ms) [Parameters=[@eventId='?' (DbType = Guid), @provider_Id='?' (DbType = Guid)], CommandType='Text', CommandTimeout='30']
      SELECT e."Id", e."Capacity", e."CreatedUtc", e."Currency", e."Description", e."EndUtc", e."ExternalBookingUrl", e."ImageUrl", e."IsOnline", e."Lens", e."LocationName", e."PriceAmount", e."ProviderId", e."SignupType", e."StartUtc", e."Status", e."Tags", e."Title"
      FROM within."Events" AS e
      WHERE e."Id" = @eventId AND e."ProviderId" = @provider_Id
      LIMIT 1
info: Microsoft.EntityFrameworkCore.Database.Command[20101]
      Executed DbCommand (124ms) [Parameters=[@eventId='?' (DbType = Guid)], CommandType='Text', CommandTimeout='30']
      SELECT e."State", u."Id", u."DisplayName", e."UpdatedUtc"
      FROM within."EventRegistrations" AS e
      INNER JOIN within."Users" AS u ON e."UserId" = u."Id"
      WHERE e."EventId" = @eventId
      ORDER BY e."UpdatedUtc" DESC
info: Microsoft.EntityFrameworkCore.Database.Command[20101]
      Executed DbCommand (126ms) [Parameters=[@eventId='?' (DbType = Guid)], CommandType='Text', CommandTimeout='30']
      SELECT u."Id", u."DisplayName", s."CreatedUtc"
      FROM within."SavedEvents" AS s
      INNER JOIN within."Users" AS u ON s."UserId" = u."Id"
      WHERE s."EventId" = @eventId
      ORDER BY s."CreatedUtc" DESC
info: Microsoft.EntityFrameworkCore.Database.Command[20101]
      Executed DbCommand (127ms) [Parameters=[@email='?'], CommandType='Text', CommandTimeout='30']
      SELECT u."Id", u."CreatedUtc", u."DisplayName", u."Email", u."PasswordHash", u."PreferredLens", u."Role"
      FROM within."Users" AS u
      WHERE u."Email" = @email
      LIMIT 1
