Using launch settings from C:\Sid\VeloceOne\Within\WithinAPI\Properties\launchSettings.json...
Building...
info: Microsoft.EntityFrameworkCore.Database.Command[20101]
      Executed DbCommand (153ms) [Parameters=[], CommandType='Text', CommandTimeout='30']
      SELECT "MigrationId", "ProductVersion"
      FROM within."__EFMigrationsHistory"
      ORDER BY "MigrationId";
info: Microsoft.EntityFrameworkCore.Database.Command[20101]
      Executed DbCommand (147ms) [Parameters=[], CommandType='Text', CommandTimeout='30']
      SELECT 1
info: Microsoft.EntityFrameworkCore.Database.Command[20101]
      Executed DbCommand (165ms) [Parameters=[], CommandType='Text', CommandTimeout='30']
      DO $EF$
      BEGIN
          IF NOT EXISTS(SELECT 1 FROM pg_namespace WHERE nspname = 'within') THEN
              CREATE SCHEMA within;
          END IF;
      END $EF$;
      CREATE TABLE IF NOT EXISTS within."__EFMigrationsHistory" (
          "MigrationId" character varying(150) NOT NULL,
          "ProductVersion" character varying(32) NOT NULL,
          CONSTRAINT "PK___EFMigrationsHistory" PRIMARY KEY ("MigrationId")
      );
info: Microsoft.EntityFrameworkCore.Database.Command[20101]
      Executed DbCommand (184ms) [Parameters=[], CommandType='Text', CommandTimeout='30']
      LOCK TABLE within."__EFMigrationsHistory" IN ACCESS EXCLUSIVE MODE
info: Microsoft.EntityFrameworkCore.Database.Command[20101]
      Executed DbCommand (205ms) [Parameters=[], CommandType='Text', CommandTimeout='30']
      SELECT "MigrationId", "ProductVersion"
      FROM within."__EFMigrationsHistory"
      ORDER BY "MigrationId";
info: Microsoft.EntityFrameworkCore.Migrations[20405]
      No migrations were applied. The database is already up to date.
info: Microsoft.Hosting.Lifetime[14]
      Now listening on: http://localhost:5177
info: Microsoft.Hosting.Lifetime[14]
      Now listening on: http://192.168.1.105:5177
info: Microsoft.Hosting.Lifetime[0]
      Application started. Press Ctrl+C to shut down.
info: Microsoft.Hosting.Lifetime[0]
      Hosting environment: Development
info: Microsoft.Hosting.Lifetime[0]
      Content root path: C:\Sid\VeloceOne\Within\WithinAPI
info: Microsoft.EntityFrameworkCore.Database.Command[20101]
      Executed DbCommand (219ms) [Parameters=[], CommandType='Text', CommandTimeout='30']
      SELECT e."Id", e."ProviderId", p."Name", e."Title", e."Description", e."Lens", e."LocationName", e."IsOnline", e."StartUtc", e."EndUtc", e."PriceAmount", e."Currency", e."Capacity", (
          SELECT count(*)::int
          FROM within."EventRegistrations" AS e0
          WHERE e0."EventId" = e."Id" AND e0."State" = 1), e."SignupType", e."ExternalBookingUrl", e."ImageUrl", e."Status", e."Tags"
      FROM within."Events" AS e
      INNER JOIN within."Providers" AS p ON e."ProviderId" = p."Id"
      WHERE e."Status" = 1
      ORDER BY e."StartUtc"
info: Microsoft.EntityFrameworkCore.Database.Command[20101]
      Executed DbCommand (142ms) [Parameters=[], CommandType='Text', CommandTimeout='30']
      SELECT u."Id", u."DisplayName", u."Email", u."Role", u."CreatedUtc"
      FROM within."Users" AS u
      ORDER BY u."CreatedUtc" DESC
info: Microsoft.EntityFrameworkCore.Database.Command[20101]
      Executed DbCommand (169ms) [Parameters=[], CommandType='Text', CommandTimeout='30']
      SELECT m."Id", m."AnswersJson", m."Audience", m."Contact", m."CreatedUtc", m."Name", m."Source"
      FROM within."MarketFitSubmissions" AS m
      ORDER BY m."CreatedUtc" DESC
info: Microsoft.EntityFrameworkCore.Database.Command[20101]
      Executed DbCommand (169ms) [Parameters=[], CommandType='Text', CommandTimeout='30']
      SELECT m."Audience", count(*)::int AS "Count"
      FROM within."MarketFitSubmissions" AS m
      GROUP BY m."Audience"
info: Microsoft.EntityFrameworkCore.Database.Command[20101]
      Executed DbCommand (169ms) [Parameters=[], CommandType='Text', CommandTimeout='30']
      SELECT p."Id", p."Abn", p."AdminFacingNotes", p."AdminNotes", p."ApprovedProviderId", p."Bio", p."BookingTools", p."BusinessType", p."Certifications", p."ContactEmail", p."ContactName", p."ContactPhone", p."CredentialLinks", p."DeclarationAccepted", p."DeliveryModes", p."ExpectedFirstEvent", p."FirstAidCpr", p."HasEventsReady", p."InstagramUrl", p."InsuranceStatus", p."JoinReason", p."Location", p."OtherSocialUrl", p."PreferredContactMethod", p."PrimaryLens", p."ProfessionalMemberships", p."ProviderCategory", p."ProviderName", p."ReviewDecisionReason", p."ReviewedUtc", p."ServiceAreas", p."ServicesOffered", p."Status", p."SubmittedUtc", p."TypicalAudience", p."UpdatedUtc", p."VenueNames", p."WebsiteUrl", p."WorkingWithChildrenCheck", p."YearsPracticing"
      FROM within."ProviderApplications" AS p
      ORDER BY p."SubmittedUtc" DESC
info: Microsoft.EntityFrameworkCore.Database.Command[20101]
      Executed DbCommand (126ms) [Parameters=[], CommandType='Text', CommandTimeout='30']
      SELECT m."CreatedUtc"
      FROM within."MarketFitSubmissions" AS m
      ORDER BY m."CreatedUtc" DESC
      LIMIT 1
info: Microsoft.EntityFrameworkCore.Database.Command[20101]
      Executed DbCommand (127ms) [Parameters=[], CommandType='Text', CommandTimeout='30']
      SELECT u."Role", count(*)::int AS "Count"
      FROM within."Users" AS u
      GROUP BY u."Role"
info: Microsoft.EntityFrameworkCore.Database.Command[20101]
      Executed DbCommand (134ms) [Parameters=[], CommandType='Text', CommandTimeout='30']
      SELECT p."Id", p."Bio", p."CreatedUtc", p."InstagramUrl", p."IsVerified", p."Lens", p."Location", p."Name", p."OwnerUserId", p."Slug", p."WebsiteUrl"
      FROM within."Providers" AS p
      ORDER BY p."Name"
info: Microsoft.EntityFrameworkCore.Database.Command[20101]
      Executed DbCommand (238ms) [Parameters=[], CommandType='Text', CommandTimeout='30']
      SELECT e."Id", e."ProviderId", p."Name", e."Title", e."Description", e."Lens", e."LocationName", e."IsOnline", e."StartUtc", e."EndUtc", e."PriceAmount", e."Currency", e."Capacity", (
          SELECT count(*)::int
          FROM within."EventRegistrations" AS e0
          WHERE e0."EventId" = e."Id" AND e0."State" = 1), e."SignupType", e."ExternalBookingUrl", e."ImageUrl", e."Status", e."Tags"
      FROM within."Events" AS e
      INNER JOIN within."Providers" AS p ON e."ProviderId" = p."Id"
      WHERE e."Status" = 1
      ORDER BY e."StartUtc"
info: Microsoft.EntityFrameworkCore.Database.Command[20101]
      Executed DbCommand (134ms) [Parameters=[], CommandType='Text', CommandTimeout='30']
      SELECT e."Id", e."ProviderId", p."Name", e."Title", e."Description", e."Lens", e."LocationName", e."IsOnline", e."StartUtc", e."EndUtc", e."PriceAmount", e."Currency", e."Capacity", (
          SELECT count(*)::int
          FROM within."EventRegistrations" AS e0
          WHERE e0."EventId" = e."Id" AND e0."State" = 1), e."SignupType", e."ExternalBookingUrl", e."ImageUrl", e."Status", e."Tags"
      FROM within."Events" AS e
      INNER JOIN within."Providers" AS p ON e."ProviderId" = p."Id"
      WHERE e."Status" = 1
      ORDER BY e."StartUtc"
info: Microsoft.EntityFrameworkCore.Database.Command[20101]
      Executed DbCommand (133ms) [Parameters=[], CommandType='Text', CommandTimeout='30']
      SELECT e."Id", e."ProviderId", p."Name", e."Title", e."Description", e."Lens", e."LocationName", e."IsOnline", e."StartUtc", e."EndUtc", e."PriceAmount", e."Currency", e."Capacity", (
          SELECT count(*)::int
          FROM within."EventRegistrations" AS e0
          WHERE e0."EventId" = e."Id" AND e0."State" = 1), e."SignupType", e."ExternalBookingUrl", e."ImageUrl", e."Status", e."Tags"
      FROM within."Events" AS e
      INNER JOIN within."Providers" AS p ON e."ProviderId" = p."Id"
      WHERE e."Status" = 1
      ORDER BY e."StartUtc"
info: Microsoft.EntityFrameworkCore.Database.Command[20101]
      Executed DbCommand (151ms) [Parameters=[@email='?'], CommandType='Text', CommandTimeout='30']
      SELECT u."Id", u."CreatedUtc", u."DisplayName", u."Email", u."PasswordHash", u."PreferredLens", u."Role"
      FROM within."Users" AS u
      WHERE u."Email" = @email
      LIMIT 1
info: Microsoft.EntityFrameworkCore.Database.Command[20101]
      Executed DbCommand (220ms) [Parameters=[@p0='?' (DbType = Guid), @p1='?' (DbType = DateTime), @p2='?' (DbType = DateTime), @p3='?' (DbType = DateTime), @p4='?', @p5='?' (DbType = Guid)], CommandType='Text', CommandTimeout='30']
      INSERT INTO within."RefreshTokens" ("Id", "CreatedUtc", "ExpiresUtc", "RevokedUtc", "TokenHash", "UserId")
      VALUES (@p0, @p1, @p2, @p3, @p4, @p5);
info: Microsoft.EntityFrameworkCore.Database.Command[20101]
      Executed DbCommand (189ms) [Parameters=[], CommandType='Text', CommandTimeout='30']
      SELECT p."Id", p."Abn", p."AdminFacingNotes", p."AdminNotes", p."ApprovedProviderId", p."Bio", p."BookingTools", p."BusinessType", p."Certifications", p."ContactEmail", p."ContactName", p."ContactPhone", p."CredentialLinks", p."DeclarationAccepted", p."DeliveryModes", p."ExpectedFirstEvent", p."FirstAidCpr", p."HasEventsReady", p."InstagramUrl", p."InsuranceStatus", p."JoinReason", p."Location", p."OtherSocialUrl", p."PreferredContactMethod", p."PrimaryLens", p."ProfessionalMemberships", p."ProviderCategory", p."ProviderName", p."ReviewDecisionReason", p."ReviewedUtc", p."ServiceAreas", p."ServicesOffered", p."Status", p."SubmittedUtc", p."TypicalAudience", p."UpdatedUtc", p."VenueNames", p."WebsiteUrl", p."WorkingWithChildrenCheck", p."YearsPracticing"
      FROM within."ProviderApplications" AS p
      ORDER BY p."SubmittedUtc" DESC
info: Microsoft.EntityFrameworkCore.Database.Command[20101]
      Executed DbCommand (127ms) [Parameters=[], CommandType='Text', CommandTimeout='30']
      SELECT m."Audience", count(*)::int AS "Count"
      FROM within."MarketFitSubmissions" AS m
      GROUP BY m."Audience"
info: Microsoft.EntityFrameworkCore.Database.Command[20101]
      Executed DbCommand (129ms) [Parameters=[], CommandType='Text', CommandTimeout='30']
      SELECT m."Id", m."AnswersJson", m."Audience", m."Contact", m."CreatedUtc", m."Name", m."Source"
      FROM within."MarketFitSubmissions" AS m
      ORDER BY m."CreatedUtc" DESC
info: Microsoft.EntityFrameworkCore.Database.Command[20101]
      Executed DbCommand (129ms) [Parameters=[], CommandType='Text', CommandTimeout='30']
      SELECT u."Id", u."DisplayName", u."Email", u."Role", u."CreatedUtc"
      FROM within."Users" AS u
      ORDER BY u."CreatedUtc" DESC
info: Microsoft.EntityFrameworkCore.Database.Command[20101]
      Executed DbCommand (124ms) [Parameters=[], CommandType='Text', CommandTimeout='30']
      SELECT m."CreatedUtc"
      FROM within."MarketFitSubmissions" AS m
      ORDER BY m."CreatedUtc" DESC
      LIMIT 1
info: Microsoft.EntityFrameworkCore.Database.Command[20101]
      Executed DbCommand (149ms) [Parameters=[], CommandType='Text', CommandTimeout='30']
      SELECT u."Role", count(*)::int AS "Count"
      FROM within."Users" AS u
      GROUP BY u."Role"
