Using launch settings from C:\Sid\VeloceOne\Within\WithinAPI\Properties\launchSettings.json...
Building...
info: Microsoft.EntityFrameworkCore.Database.Command[20101]
      Executed DbCommand (42ms) [Parameters=[], CommandType='Text', CommandTimeout='30']
      SELECT "MigrationId", "ProductVersion"
      FROM within."__EFMigrationsHistory"
      ORDER BY "MigrationId";
info: Microsoft.EntityFrameworkCore.Database.Command[20101]
      Executed DbCommand (15ms) [Parameters=[], CommandType='Text', CommandTimeout='30']
      SELECT 1
info: Microsoft.EntityFrameworkCore.Database.Command[20101]
      Executed DbCommand (41ms) [Parameters=[], CommandType='Text', CommandTimeout='30']
      DO $EF$
      BEGIN
          IF NOT EXISTS(SELECT 1 FROM pg_namespace WHERE nspname = 'within') THEN
              CREATE SCHEMA within;
          END IF;
      END $EF$;
      CREATE TABLE IF NOT EXISTS within."__EFMigrationsHistory" (
          "MigrationId" character varying(150) NOT NULL,
          "ProductVersion" character varying(32) NOT NULL,
          CONSTRAINT "PK___EFMigrationsHistory" PRIMARY KEY ("MigrationId")
      );
info: Microsoft.EntityFrameworkCore.Database.Command[20101]
      Executed DbCommand (3ms) [Parameters=[], CommandType='Text', CommandTimeout='30']
      LOCK TABLE within."__EFMigrationsHistory" IN ACCESS EXCLUSIVE MODE
info: Microsoft.EntityFrameworkCore.Database.Command[20101]
      Executed DbCommand (2ms) [Parameters=[], CommandType='Text', CommandTimeout='30']
      SELECT "MigrationId", "ProductVersion"
      FROM within."__EFMigrationsHistory"
      ORDER BY "MigrationId";
info: Microsoft.EntityFrameworkCore.Migrations[20405]
      No migrations were applied. The database is already up to date.
info: Microsoft.EntityFrameworkCore.Database.Command[20101]
      Executed DbCommand (22ms) [Parameters=[@email='?'], CommandType='Text', CommandTimeout='30']
      SELECT u."Id", u."CreatedUtc", u."DisplayName", u."Email", u."PasswordHash", u."PreferredLens", u."Role"
      FROM within."Users" AS u
      WHERE u."Email" = @email
      LIMIT 1
info: Microsoft.Hosting.Lifetime[14]
      Now listening on: http://localhost:5177
info: Microsoft.Hosting.Lifetime[0]
      Application started. Press Ctrl+C to shut down.
info: Microsoft.Hosting.Lifetime[0]
      Hosting environment: Development
info: Microsoft.Hosting.Lifetime[0]
      Content root path: C:\Sid\VeloceOne\Within\WithinAPI
info: Microsoft.EntityFrameworkCore.Database.Command[20101]
      Executed DbCommand (2ms) [Parameters=[@email='?'], CommandType='Text', CommandTimeout='30']
      SELECT u."Id", u."CreatedUtc", u."DisplayName", u."Email", u."PasswordHash", u."PreferredLens", u."Role"
      FROM within."Users" AS u
      WHERE u."Email" = @email
      LIMIT 1
info: Microsoft.EntityFrameworkCore.Database.Command[20101]
      Executed DbCommand (2ms) [Parameters=[@email='?'], CommandType='Text', CommandTimeout='30']
      SELECT u."Id", u."CreatedUtc", u."DisplayName", u."Email", u."PasswordHash", u."PreferredLens", u."Role"
      FROM within."Users" AS u
      WHERE u."Email" = @email
      LIMIT 1
info: Microsoft.EntityFrameworkCore.Database.Command[20101]
      Executed DbCommand (2ms) [Parameters=[@email='?'], CommandType='Text', CommandTimeout='30']
      SELECT u."Id", u."CreatedUtc", u."DisplayName", u."Email", u."PasswordHash", u."PreferredLens", u."Role"
      FROM within."Users" AS u
      WHERE u."Email" = @email
      LIMIT 1
info: Microsoft.EntityFrameworkCore.Database.Command[20101]
      Executed DbCommand (2ms) [Parameters=[@email='?'], CommandType='Text', CommandTimeout='30']
      SELECT u."Id", u."CreatedUtc", u."DisplayName", u."Email", u."PasswordHash", u."PreferredLens", u."Role"
      FROM within."Users" AS u
      WHERE u."Email" = @email
      LIMIT 1
info: Microsoft.EntityFrameworkCore.Database.Command[20101]
      Executed DbCommand (2ms) [Parameters=[@email='?'], CommandType='Text', CommandTimeout='30']
      SELECT u."Id", u."CreatedUtc", u."DisplayName", u."Email", u."PasswordHash", u."PreferredLens", u."Role"
      FROM within."Users" AS u
      WHERE u."Email" = @email
      LIMIT 1
info: Microsoft.EntityFrameworkCore.Database.Command[20101]
      Executed DbCommand (2ms) [Parameters=[@email='?'], CommandType='Text', CommandTimeout='30']
      SELECT u."Id", u."CreatedUtc", u."DisplayName", u."Email", u."PasswordHash", u."PreferredLens", u."Role"
      FROM within."Users" AS u
      WHERE u."Email" = @email
      LIMIT 1
info: Microsoft.EntityFrameworkCore.Database.Command[20101]
      Executed DbCommand (2ms) [Parameters=[@email='?'], CommandType='Text', CommandTimeout='30']
      SELECT u."Id", u."CreatedUtc", u."DisplayName", u."Email", u."PasswordHash", u."PreferredLens", u."Role"
      FROM within."Users" AS u
      WHERE u."Email" = @email
      LIMIT 1
info: Microsoft.EntityFrameworkCore.Database.Command[20101]
      Executed DbCommand (1ms) [Parameters=[@email='?'], CommandType='Text', CommandTimeout='30']
      SELECT u."Id", u."CreatedUtc", u."DisplayName", u."Email", u."PasswordHash", u."PreferredLens", u."Role"
      FROM within."Users" AS u
      WHERE u."Email" = @email
      LIMIT 1
info: Microsoft.EntityFrameworkCore.Database.Command[20101]
      Executed DbCommand (1ms) [Parameters=[@email='?'], CommandType='Text', CommandTimeout='30']
      SELECT u."Id", u."CreatedUtc", u."DisplayName", u."Email", u."PasswordHash", u."PreferredLens", u."Role"
      FROM within."Users" AS u
      WHERE u."Email" = @email
      LIMIT 1
info: Microsoft.EntityFrameworkCore.Database.Command[20101]
      Executed DbCommand (1ms) [Parameters=[@email='?'], CommandType='Text', CommandTimeout='30']
      SELECT u."Id", u."CreatedUtc", u."DisplayName", u."Email", u."PasswordHash", u."PreferredLens", u."Role"
      FROM within."Users" AS u
      WHERE u."Email" = @email
      LIMIT 1
info: Microsoft.EntityFrameworkCore.Database.Command[20101]
      Executed DbCommand (1ms) [Parameters=[@email='?'], CommandType='Text', CommandTimeout='30']
      SELECT u."Id", u."CreatedUtc", u."DisplayName", u."Email", u."PasswordHash", u."PreferredLens", u."Role"
      FROM within."Users" AS u
      WHERE u."Email" = @email
      LIMIT 1
info: Microsoft.EntityFrameworkCore.Database.Command[20101]
      Executed DbCommand (1ms) [Parameters=[@email='?'], CommandType='Text', CommandTimeout='30']
      SELECT u."Id", u."CreatedUtc", u."DisplayName", u."Email", u."PasswordHash", u."PreferredLens", u."Role"
      FROM within."Users" AS u
      WHERE u."Email" = @email
      LIMIT 1
info: Microsoft.EntityFrameworkCore.Database.Command[20101]
      Executed DbCommand (1ms) [Parameters=[@email='?'], CommandType='Text', CommandTimeout='30']
      SELECT u."Id", u."CreatedUtc", u."DisplayName", u."Email", u."PasswordHash", u."PreferredLens", u."Role"
      FROM within."Users" AS u
      WHERE u."Email" = @email
      LIMIT 1
info: Microsoft.EntityFrameworkCore.Database.Command[20101]
      Executed DbCommand (1ms) [Parameters=[@email='?'], CommandType='Text', CommandTimeout='30']
      SELECT u."Id", u."CreatedUtc", u."DisplayName", u."Email", u."PasswordHash", u."PreferredLens", u."Role"
      FROM within."Users" AS u
      WHERE u."Email" = @email
      LIMIT 1
info: Microsoft.EntityFrameworkCore.Database.Command[20101]
      Executed DbCommand (1ms) [Parameters=[@email='?'], CommandType='Text', CommandTimeout='30']
      SELECT u."Id", u."CreatedUtc", u."DisplayName", u."Email", u."PasswordHash", u."PreferredLens", u."Role"
      FROM within."Users" AS u
      WHERE u."Email" = @email
      LIMIT 1
info: Microsoft.EntityFrameworkCore.Database.Command[20101]
      Executed DbCommand (1ms) [Parameters=[@email='?'], CommandType='Text', CommandTimeout='30']
      SELECT u."Id", u."CreatedUtc", u."DisplayName", u."Email", u."PasswordHash", u."PreferredLens", u."Role"
      FROM within."Users" AS u
      WHERE u."Email" = @email
      LIMIT 1
info: Microsoft.EntityFrameworkCore.Database.Command[20101]
      Executed DbCommand (1ms) [Parameters=[@email='?'], CommandType='Text', CommandTimeout='30']
      SELECT u."Id", u."CreatedUtc", u."DisplayName", u."Email", u."PasswordHash", u."PreferredLens", u."Role"
      FROM within."Users" AS u
      WHERE u."Email" = @email
      LIMIT 1
info: Microsoft.EntityFrameworkCore.Database.Command[20101]
      Executed DbCommand (1ms) [Parameters=[@email='?'], CommandType='Text', CommandTimeout='30']
      SELECT u."Id", u."CreatedUtc", u."DisplayName", u."Email", u."PasswordHash", u."PreferredLens", u."Role"
      FROM within."Users" AS u
      WHERE u."Email" = @email
      LIMIT 1
info: Microsoft.EntityFrameworkCore.Database.Command[20101]
      Executed DbCommand (2ms) [Parameters=[@email='?'], CommandType='Text', CommandTimeout='30']
      SELECT u."Id", u."CreatedUtc", u."DisplayName", u."Email", u."PasswordHash", u."PreferredLens", u."Role"
      FROM within."Users" AS u
      WHERE u."Email" = @email
      LIMIT 1
info: Microsoft.EntityFrameworkCore.Database.Command[20101]
      Executed DbCommand (25ms) [Parameters=[@p0='?' (DbType = Guid), @p1='?' (DbType = DateTime), @p2='?' (DbType = DateTime), @p3='?' (DbType = DateTime), @p4='?', @p5='?' (DbType = Guid)], CommandType='Text', CommandTimeout='30']
      INSERT INTO within."RefreshTokens" ("Id", "CreatedUtc", "ExpiresUtc", "RevokedUtc", "TokenHash", "UserId")
      VALUES (@p0, @p1, @p2, @p3, @p4, @p5);
info: Microsoft.EntityFrameworkCore.Database.Command[20101]
      Executed DbCommand (2ms) [Parameters=[@email='?'], CommandType='Text', CommandTimeout='30']
      SELECT u."Id", u."CreatedUtc", u."DisplayName", u."Email", u."PasswordHash", u."PreferredLens", u."Role"
      FROM within."Users" AS u
      WHERE u."Email" = @email
      LIMIT 1
info: Microsoft.EntityFrameworkCore.Database.Command[20101]
      Executed DbCommand (2ms) [Parameters=[@email='?'], CommandType='Text', CommandTimeout='30']
      SELECT u."Id", u."CreatedUtc", u."DisplayName", u."Email", u."PasswordHash", u."PreferredLens", u."Role"
      FROM within."Users" AS u
      WHERE u."Email" = @email
      LIMIT 1
info: Microsoft.EntityFrameworkCore.Database.Command[20101]
      Executed DbCommand (2ms) [Parameters=[@email='?'], CommandType='Text', CommandTimeout='30']
      SELECT u."Id", u."CreatedUtc", u."DisplayName", u."Email", u."PasswordHash", u."PreferredLens", u."Role"
      FROM within."Users" AS u
      WHERE u."Email" = @email
      LIMIT 1
info: Microsoft.EntityFrameworkCore.Database.Command[20101]
      Executed DbCommand (2ms) [Parameters=[@email='?'], CommandType='Text', CommandTimeout='30']
      SELECT u."Id", u."CreatedUtc", u."DisplayName", u."Email", u."PasswordHash", u."PreferredLens", u."Role"
      FROM within."Users" AS u
      WHERE u."Email" = @email
      LIMIT 1
info: Microsoft.EntityFrameworkCore.Database.Command[20101]
      Executed DbCommand (2ms) [Parameters=[@email='?'], CommandType='Text', CommandTimeout='30']
      SELECT u."Id", u."CreatedUtc", u."DisplayName", u."Email", u."PasswordHash", u."PreferredLens", u."Role"
      FROM within."Users" AS u
      WHERE u."Email" = @email
      LIMIT 1
info: Microsoft.EntityFrameworkCore.Database.Command[20101]
      Executed DbCommand (2ms) [Parameters=[@email='?'], CommandType='Text', CommandTimeout='30']
      SELECT u."Id", u."CreatedUtc", u."DisplayName", u."Email", u."PasswordHash", u."PreferredLens", u."Role"
      FROM within."Users" AS u
      WHERE u."Email" = @email
      LIMIT 1
info: Microsoft.EntityFrameworkCore.Database.Command[20101]
      Executed DbCommand (94ms) [Parameters=[@p0='?' (DbType = Guid), @p1='?', @p2='?', @p3='?', @p4='?' (DbType = Guid), @p5='?', @p6='?', @p7='?', @p8='?', @p9='?', @p10='?', @p11='?', @p12='?', @p13='?' (DbType = Boolean), @p14='?' (DbType = Object), @p15='?', @p16='?', @p17='?', @p18='?', @p19='?', @p20='?', @p21='?', @p22='?', @p23='?', @p24='?' (DbType = Int32), @p25='?', @p26='?' (DbType = Int32), @p27='?', @p28='?', @p29='?' (DbType = DateTime), @p30='?' (DbType = Object), @p31='?' (DbType = Object), @p32='?' (DbType = Int32), @p33='?' (DbType = DateTime), @p34='?', @p35='?' (DbType = DateTime), @p36='?', @p37='?', @p38='?', @p39='?'], CommandType='Text', CommandTimeout='30']
      INSERT INTO within."ProviderApplications" ("Id", "Abn", "AdminFacingNotes", "AdminNotes", "ApprovedProviderId", "Bio", "BookingTools", "BusinessType", "Certifications", "ContactEmail", "ContactName", "ContactPhone", "CredentialLinks", "DeclarationAccepted", "DeliveryModes", "ExpectedFirstEvent", "FirstAidCpr", "HasEventsReady", "InstagramUrl", "InsuranceStatus", "JoinReason", "Location", "OtherSocialUrl", "PreferredContactMethod", "PrimaryLens", "ProfessionalMemberships", "ProviderCategory", "ProviderName", "ReviewDecisionReason", "ReviewedUtc", "ServiceAreas", "ServicesOffered", "Status", "SubmittedUtc", "TypicalAudience", "UpdatedUtc", "VenueNames", "WebsiteUrl", "WorkingWithChildrenCheck", "YearsPracticing")
      VALUES (@p0, @p1, @p2, @p3, @p4, @p5, @p6, @p7, @p8, @p9, @p10, @p11, @p12, @p13, @p14, @p15, @p16, @p17, @p18, @p19, @p20, @p21, @p22, @p23, @p24, @p25, @p26, @p27, @p28, @p29, @p30, @p31, @p32, @p33, @p34, @p35, @p36, @p37, @p38, @p39);
info: Microsoft.EntityFrameworkCore.Database.Command[20101]
      Executed DbCommand (4ms) [Parameters=[@email='?'], CommandType='Text', CommandTimeout='30']
      SELECT u."Id", u."CreatedUtc", u."DisplayName", u."Email", u."PasswordHash", u."PreferredLens", u."Role"
      FROM within."Users" AS u
      WHERE u."Email" = @email
      LIMIT 1
info: Microsoft.EntityFrameworkCore.Database.Command[20101]
      Executed DbCommand (1ms) [Parameters=[@email='?'], CommandType='Text', CommandTimeout='30']
      SELECT u."Id", u."CreatedUtc", u."DisplayName", u."Email", u."PasswordHash", u."PreferredLens", u."Role"
      FROM within."Users" AS u
      WHERE u."Email" = @email
      LIMIT 1
info: Microsoft.EntityFrameworkCore.Database.Command[20101]
      Executed DbCommand (1ms) [Parameters=[@email='?'], CommandType='Text', CommandTimeout='30']
      SELECT u."Id", u."CreatedUtc", u."DisplayName", u."Email", u."PasswordHash", u."PreferredLens", u."Role"
      FROM within."Users" AS u
      WHERE u."Email" = @email
      LIMIT 1
info: Microsoft.EntityFrameworkCore.Database.Command[20101]
      Executed DbCommand (3ms) [Parameters=[@p0='?' (DbType = Guid), @p1='?' (DbType = DateTime), @p2='?' (DbType = DateTime), @p3='?' (DbType = DateTime), @p4='?', @p5='?' (DbType = Guid)], CommandType='Text', CommandTimeout='30']
      INSERT INTO within."RefreshTokens" ("Id", "CreatedUtc", "ExpiresUtc", "RevokedUtc", "TokenHash", "UserId")
      VALUES (@p0, @p1, @p2, @p3, @p4, @p5);
info: Microsoft.EntityFrameworkCore.Database.Command[20101]
      Executed DbCommand (4ms) [Parameters=[], CommandType='Text', CommandTimeout='30']
      SELECT u."Id", u."DisplayName", u."Email", u."Role", u."CreatedUtc"
      FROM within."Users" AS u
      ORDER BY u."CreatedUtc" DESC
info: Microsoft.EntityFrameworkCore.Database.Command[20101]
      Executed DbCommand (1ms) [Parameters=[], CommandType='Text', CommandTimeout='30']
      SELECT p."Id", p."Abn", p."AdminFacingNotes", p."AdminNotes", p."ApprovedProviderId", p."Bio", p."BookingTools", p."BusinessType", p."Certifications", p."ContactEmail", p."ContactName", p."ContactPhone", p."CredentialLinks", p."DeclarationAccepted", p."DeliveryModes", p."ExpectedFirstEvent", p."FirstAidCpr", p."HasEventsReady", p."InstagramUrl", p."InsuranceStatus", p."JoinReason", p."Location", p."OtherSocialUrl", p."PreferredContactMethod", p."PrimaryLens", p."ProfessionalMemberships", p."ProviderCategory", p."ProviderName", p."ReviewDecisionReason", p."ReviewedUtc", p."ServiceAreas", p."ServicesOffered", p."Status", p."SubmittedUtc", p."TypicalAudience", p."UpdatedUtc", p."VenueNames", p."WebsiteUrl", p."WorkingWithChildrenCheck", p."YearsPracticing"
      FROM within."ProviderApplications" AS p
      ORDER BY p."SubmittedUtc" DESC
info: Microsoft.EntityFrameworkCore.Database.Command[20101]
      Executed DbCommand (6ms) [Parameters=[], CommandType='Text', CommandTimeout='30']
      SELECT m."Audience", count(*)::int AS "Count"
      FROM within."MarketFitSubmissions" AS m
      GROUP BY m."Audience"
info: Microsoft.EntityFrameworkCore.Database.Command[20101]
      Executed DbCommand (1ms) [Parameters=[], CommandType='Text', CommandTimeout='30']
      SELECT m."CreatedUtc"
      FROM within."MarketFitSubmissions" AS m
      ORDER BY m."CreatedUtc" DESC
      LIMIT 1
info: Microsoft.EntityFrameworkCore.Database.Command[20101]
      Executed DbCommand (1ms) [Parameters=[], CommandType='Text', CommandTimeout='30']
      SELECT u."Role", count(*)::int AS "Count"
      FROM within."Users" AS u
      GROUP BY u."Role"
info: Microsoft.EntityFrameworkCore.Database.Command[20101]
      Executed DbCommand (1ms) [Parameters=[], CommandType='Text', CommandTimeout='30']
      SELECT m."Id", m."AnswersJson", m."Audience", m."Contact", m."CreatedUtc", m."Name", m."Source"
      FROM within."MarketFitSubmissions" AS m
      ORDER BY m."CreatedUtc" DESC
info: Microsoft.EntityFrameworkCore.Database.Command[20101]
      Executed DbCommand (4ms) [Parameters=[@p='?' (DbType = Guid)], CommandType='Text', CommandTimeout='30']
      SELECT p."Id", p."Abn", p."AdminFacingNotes", p."AdminNotes", p."ApprovedProviderId", p."Bio", p."BookingTools", p."BusinessType", p."Certifications", p."ContactEmail", p."ContactName", p."ContactPhone", p."CredentialLinks", p."DeclarationAccepted", p."DeliveryModes", p."ExpectedFirstEvent", p."FirstAidCpr", p."HasEventsReady", p."InstagramUrl", p."InsuranceStatus", p."JoinReason", p."Location", p."OtherSocialUrl", p."PreferredContactMethod", p."PrimaryLens", p."ProfessionalMemberships", p."ProviderCategory", p."ProviderName", p."ReviewDecisionReason", p."ReviewedUtc", p."ServiceAreas", p."ServicesOffered", p."Status", p."SubmittedUtc", p."TypicalAudience", p."UpdatedUtc", p."VenueNames", p."WebsiteUrl", p."WorkingWithChildrenCheck", p."YearsPracticing"
      FROM within."ProviderApplications" AS p
      WHERE p."Id" = @p
      LIMIT 1
info: Microsoft.EntityFrameworkCore.Database.Command[20101]
      Executed DbCommand (2ms) [Parameters=[@email='?'], CommandType='Text', CommandTimeout='30']
      SELECT EXISTS (
          SELECT 1
          FROM within."Users" AS u
          WHERE u."Email" = @email)
info: Microsoft.EntityFrameworkCore.Database.Command[20101]
      Executed DbCommand (1ms) [Parameters=[], CommandType='Text', CommandTimeout='30']
      SELECT m."Id", m."AnswersJson", m."Audience", m."Contact", m."CreatedUtc", m."Name", m."Source"
      FROM within."MarketFitSubmissions" AS m
      ORDER BY m."CreatedUtc" DESC
info: Microsoft.EntityFrameworkCore.Database.Command[20101]
      Executed DbCommand (3ms) [Parameters=[], CommandType='Text', CommandTimeout='30']
      SELECT p."Id", p."Abn", p."AdminFacingNotes", p."AdminNotes", p."ApprovedProviderId", p."Bio", p."BookingTools", p."BusinessType", p."Certifications", p."ContactEmail", p."ContactName", p."ContactPhone", p."CredentialLinks", p."DeclarationAccepted", p."DeliveryModes", p."ExpectedFirstEvent", p."FirstAidCpr", p."HasEventsReady", p."InstagramUrl", p."InsuranceStatus", p."JoinReason", p."Location", p."OtherSocialUrl", p."PreferredContactMethod", p."PrimaryLens", p."ProfessionalMemberships", p."ProviderCategory", p."ProviderName", p."ReviewDecisionReason", p."ReviewedUtc", p."ServiceAreas", p."ServicesOffered", p."Status", p."SubmittedUtc", p."TypicalAudience", p."UpdatedUtc", p."VenueNames", p."WebsiteUrl", p."WorkingWithChildrenCheck", p."YearsPracticing"
      FROM within."ProviderApplications" AS p
      ORDER BY p."SubmittedUtc" DESC
info: Microsoft.EntityFrameworkCore.Database.Command[20101]
      Executed DbCommand (1ms) [Parameters=[], CommandType='Text', CommandTimeout='30']
      SELECT m."Audience", count(*)::int AS "Count"
      FROM within."MarketFitSubmissions" AS m
      GROUP BY m."Audience"
info: Microsoft.EntityFrameworkCore.Database.Command[20101]
      Executed DbCommand (1ms) [Parameters=[], CommandType='Text', CommandTimeout='30']
      SELECT m."CreatedUtc"
      FROM within."MarketFitSubmissions" AS m
      ORDER BY m."CreatedUtc" DESC
      LIMIT 1
info: Microsoft.EntityFrameworkCore.Database.Command[20101]
      Executed DbCommand (1ms) [Parameters=[], CommandType='Text', CommandTimeout='30']
      SELECT u."Id", u."DisplayName", u."Email", u."Role", u."CreatedUtc"
      FROM within."Users" AS u
      ORDER BY u."CreatedUtc" DESC
info: Microsoft.EntityFrameworkCore.Database.Command[20101]
      Executed DbCommand (3ms) [Parameters=[], CommandType='Text', CommandTimeout='30']
      SELECT u."Role", count(*)::int AS "Count"
      FROM within."Users" AS u
      GROUP BY u."Role"
info: Microsoft.EntityFrameworkCore.Database.Command[20101]
      Executed DbCommand (1ms) [Parameters=[@p0='?' (DbType = Guid), @p1='?', @p2='?', @p3='?', @p4='?' (DbType = Guid), @p5='?', @p6='?', @p7='?', @p8='?', @p9='?', @p10='?', @p11='?', @p12='?', @p13='?' (DbType = Boolean), @p14='?' (DbType = Object), @p15='?', @p16='?', @p17='?', @p18='?', @p19='?', @p20='?', @p21='?', @p22='?', @p23='?', @p24='?' (DbType = Int32), @p25='?', @p26='?' (DbType = Int32), @p27='?', @p28='?', @p29='?' (DbType = DateTime), @p30='?' (DbType = Object), @p31='?' (DbType = Object), @p32='?' (DbType = Int32), @p33='?' (DbType = DateTime), @p34='?', @p35='?' (DbType = DateTime), @p36='?', @p37='?', @p38='?', @p39='?'], CommandType='Text', CommandTimeout='30']
      INSERT INTO within."ProviderApplications" ("Id", "Abn", "AdminFacingNotes", "AdminNotes", "ApprovedProviderId", "Bio", "BookingTools", "BusinessType", "Certifications", "ContactEmail", "ContactName", "ContactPhone", "CredentialLinks", "DeclarationAccepted", "DeliveryModes", "ExpectedFirstEvent", "FirstAidCpr", "HasEventsReady", "InstagramUrl", "InsuranceStatus", "JoinReason", "Location", "OtherSocialUrl", "PreferredContactMethod", "PrimaryLens", "ProfessionalMemberships", "ProviderCategory", "ProviderName", "ReviewDecisionReason", "ReviewedUtc", "ServiceAreas", "ServicesOffered", "Status", "SubmittedUtc", "TypicalAudience", "UpdatedUtc", "VenueNames", "WebsiteUrl", "WorkingWithChildrenCheck", "YearsPracticing")
      VALUES (@p0, @p1, @p2, @p3, @p4, @p5, @p6, @p7, @p8, @p9, @p10, @p11, @p12, @p13, @p14, @p15, @p16, @p17, @p18, @p19, @p20, @p21, @p22, @p23, @p24, @p25, @p26, @p27, @p28, @p29, @p30, @p31, @p32, @p33, @p34, @p35, @p36, @p37, @p38, @p39);
info: Microsoft.EntityFrameworkCore.Database.Command[20101]
      Executed DbCommand (1ms) [Parameters=[], CommandType='Text', CommandTimeout='30']
      SELECT u."Id", u."DisplayName", u."Email", u."Role", u."CreatedUtc"
      FROM within."Users" AS u
      ORDER BY u."CreatedUtc" DESC
info: Microsoft.EntityFrameworkCore.Database.Command[20101]
      Executed DbCommand (3ms) [Parameters=[], CommandType='Text', CommandTimeout='30']
      SELECT m."Id", m."AnswersJson", m."Audience", m."Contact", m."CreatedUtc", m."Name", m."Source"
      FROM within."MarketFitSubmissions" AS m
      ORDER BY m."CreatedUtc" DESC
info: Microsoft.EntityFrameworkCore.Database.Command[20101]
      Executed DbCommand (9ms) [Parameters=[], CommandType='Text', CommandTimeout='30']
      SELECT p."Id", p."Abn", p."AdminFacingNotes", p."AdminNotes", p."ApprovedProviderId", p."Bio", p."BookingTools", p."BusinessType", p."Certifications", p."ContactEmail", p."ContactName", p."ContactPhone", p."CredentialLinks", p."DeclarationAccepted", p."DeliveryModes", p."ExpectedFirstEvent", p."FirstAidCpr", p."HasEventsReady", p."InstagramUrl", p."InsuranceStatus", p."JoinReason", p."Location", p."OtherSocialUrl", p."PreferredContactMethod", p."PrimaryLens", p."ProfessionalMemberships", p."ProviderCategory", p."ProviderName", p."ReviewDecisionReason", p."ReviewedUtc", p."ServiceAreas", p."ServicesOffered", p."Status", p."SubmittedUtc", p."TypicalAudience", p."UpdatedUtc", p."VenueNames", p."WebsiteUrl", p."WorkingWithChildrenCheck", p."YearsPracticing"
      FROM within."ProviderApplications" AS p
      ORDER BY p."SubmittedUtc" DESC
info: Microsoft.EntityFrameworkCore.Database.Command[20101]
      Executed DbCommand (1ms) [Parameters=[], CommandType='Text', CommandTimeout='30']
      SELECT m."Audience", count(*)::int AS "Count"
      FROM within."MarketFitSubmissions" AS m
      GROUP BY m."Audience"
info: Microsoft.EntityFrameworkCore.Database.Command[20101]
      Executed DbCommand (1ms) [Parameters=[], CommandType='Text', CommandTimeout='30']
      SELECT m."CreatedUtc"
      FROM within."MarketFitSubmissions" AS m
      ORDER BY m."CreatedUtc" DESC
      LIMIT 1
info: Microsoft.EntityFrameworkCore.Database.Command[20101]
      Executed DbCommand (1ms) [Parameters=[], CommandType='Text', CommandTimeout='30']
      SELECT u."Role", count(*)::int AS "Count"
      FROM within."Users" AS u
      GROUP BY u."Role"
info: Microsoft.EntityFrameworkCore.Database.Command[20101]
      Executed DbCommand (1ms) [Parameters=[@p='?' (DbType = Guid)], CommandType='Text', CommandTimeout='30']
      SELECT p."Id", p."Abn", p."AdminFacingNotes", p."AdminNotes", p."ApprovedProviderId", p."Bio", p."BookingTools", p."BusinessType", p."Certifications", p."ContactEmail", p."ContactName", p."ContactPhone", p."CredentialLinks", p."DeclarationAccepted", p."DeliveryModes", p."ExpectedFirstEvent", p."FirstAidCpr", p."HasEventsReady", p."InstagramUrl", p."InsuranceStatus", p."JoinReason", p."Location", p."OtherSocialUrl", p."PreferredContactMethod", p."PrimaryLens", p."ProfessionalMemberships", p."ProviderCategory", p."ProviderName", p."ReviewDecisionReason", p."ReviewedUtc", p."ServiceAreas", p."ServicesOffered", p."Status", p."SubmittedUtc", p."TypicalAudience", p."UpdatedUtc", p."VenueNames", p."WebsiteUrl", p."WorkingWithChildrenCheck", p."YearsPracticing"
      FROM within."ProviderApplications" AS p
      WHERE p."Id" = @p
      LIMIT 1
info: Microsoft.EntityFrameworkCore.Database.Command[20101]
      Executed DbCommand (1ms) [Parameters=[@email='?'], CommandType='Text', CommandTimeout='30']
      SELECT EXISTS (
          SELECT 1
          FROM within."Users" AS u
          WHERE u."Email" = @email)
info: Microsoft.EntityFrameworkCore.Database.Command[20101]
      Executed DbCommand (1ms) [Parameters=[@slug='?'], CommandType='Text', CommandTimeout='30']
      SELECT EXISTS (
          SELECT 1
          FROM within."Providers" AS p
          WHERE p."Slug" = @slug)
info: Microsoft.EntityFrameworkCore.Database.Command[20101]
      Executed DbCommand (4ms) [Parameters=[@p4='?' (DbType = Guid), @p0='?' (DbType = Guid), @p1='?' (DbType = DateTime), @p2='?' (DbType = Int32), @p3='?' (DbType = DateTime), @p5='?' (DbType = Guid), @p6='?', @p7='?' (DbType = DateTime), @p8='?', @p9='?' (DbType = Boolean), @p10='?' (DbType = Int32), @p11='?', @p12='?', @p13='?' (DbType = Guid), @p14='?', @p15='?', @p16='?' (DbType = Guid), @p17='?' (DbType = DateTime), @p18='?', @p19='?', @p20='?', @p21='?' (DbType = Int32), @p22='?' (DbType = Int32)], CommandType='Text', CommandTimeout='30']
      UPDATE within."ProviderApplications" SET "ApprovedProviderId" = @p0, "ReviewedUtc" = @p1, "Status" = @p2, "UpdatedUtc" = @p3
      WHERE "Id" = @p4;
      INSERT INTO within."Providers" ("Id", "Bio", "CreatedUtc", "InstagramUrl", "IsVerified", "Lens", "Location", "Name", "OwnerUserId", "Slug", "WebsiteUrl")
      VALUES (@p5, @p6, @p7, @p8, @p9, @p10, @p11, @p12, @p13, @p14, @p15);
      INSERT INTO within."Users" ("Id", "CreatedUtc", "DisplayName", "Email", "PasswordHash", "PreferredLens", "Role")
      VALUES (@p16, @p17, @p18, @p19, @p20, @p21, @p22);
info: Microsoft.EntityFrameworkCore.Database.Command[20101]
      Executed DbCommand (1ms) [Parameters=[@email='?'], CommandType='Text', CommandTimeout='30']
      SELECT u."Id", u."CreatedUtc", u."DisplayName", u."Email", u."PasswordHash", u."PreferredLens", u."Role"
      FROM within."Users" AS u
      WHERE u."Email" = @email
      LIMIT 1
info: Microsoft.EntityFrameworkCore.Database.Command[20101]
      Executed DbCommand (1ms) [Parameters=[@email='?'], CommandType='Text', CommandTimeout='30']
      SELECT u."Id", u."CreatedUtc", u."DisplayName", u."Email", u."PasswordHash", u."PreferredLens", u."Role"
      FROM within."Users" AS u
      WHERE u."Email" = @email
      LIMIT 1
info: Microsoft.EntityFrameworkCore.Database.Command[20101]
      Executed DbCommand (2ms) [Parameters=[@p0='?' (DbType = Guid), @p1='?' (DbType = DateTime), @p2='?' (DbType = DateTime), @p3='?' (DbType = DateTime), @p4='?', @p5='?' (DbType = Guid)], CommandType='Text', CommandTimeout='30']
      INSERT INTO within."RefreshTokens" ("Id", "CreatedUtc", "ExpiresUtc", "RevokedUtc", "TokenHash", "UserId")
      VALUES (@p0, @p1, @p2, @p3, @p4, @p5);
info: Microsoft.EntityFrameworkCore.Database.Command[20101]
      Executed DbCommand (1ms) [Parameters=[@userId='?' (DbType = Guid)], CommandType='Text', CommandTimeout='30']
      SELECT p."Id", p."Bio", p."CreatedUtc", p."InstagramUrl", p."IsVerified", p."Lens", p."Location", p."Name", p."OwnerUserId", p."Slug", p."WebsiteUrl"
      FROM within."Providers" AS p
      WHERE p."OwnerUserId" = @userId
      LIMIT 1
info: Microsoft.EntityFrameworkCore.Database.Command[20101]
      Executed DbCommand (1ms) [Parameters=[@UserId='?' (DbType = Guid)], CommandType='Text', CommandTimeout='30']
      SELECT p."Id", p."Bio", p."CreatedUtc", p."InstagramUrl", p."IsVerified", p."Lens", p."Location", p."Name", p."OwnerUserId", p."Slug", p."WebsiteUrl"
      FROM within."Providers" AS p
      WHERE p."OwnerUserId" = @UserId
      LIMIT 1
info: Microsoft.EntityFrameworkCore.Database.Command[20101]
      Executed DbCommand (11ms) [Parameters=[@userId='?' (DbType = Guid), @provider_Id='?' (DbType = Guid)], CommandType='Text', CommandTimeout='30']
      SELECT e."Id", e."ProviderId", p."Name", e."Title", e."Description", e."Lens", e."LocationName", e."IsOnline", e."StartUtc", e."EndUtc", e."PriceAmount", e."Currency", e."Capacity", (
          SELECT count(*)::int
          FROM within."EventRegistrations" AS e0
          WHERE e0."EventId" = e."Id" AND e0."State" = 1), EXISTS (
          SELECT 1
          FROM within."SavedEvents" AS s
          WHERE s."EventId" = e."Id" AND s."UserId" = @userId), (
          SELECT e1."State"
          FROM within."EventRegistrations" AS e1
          WHERE e1."EventId" = e."Id" AND e1."UserId" = @userId
          LIMIT 1), e."SignupType", e."ExternalBookingUrl", e."ImageUrl", e."Status", e."Tags"
      FROM within."Events" AS e
      INNER JOIN within."Providers" AS p ON e."ProviderId" = p."Id"
      WHERE e."ProviderId" = @provider_Id
      ORDER BY e."StartUtc" DESC
info: Microsoft.EntityFrameworkCore.Database.Command[20101]
      Executed DbCommand (1ms) [Parameters=[@UserId='?' (DbType = Guid)], CommandType='Text', CommandTimeout='30']
      SELECT p."Id", p."Bio", p."CreatedUtc", p."InstagramUrl", p."IsVerified", p."Lens", p."Location", p."Name", p."OwnerUserId", p."Slug", p."WebsiteUrl"
      FROM within."Providers" AS p
      WHERE p."OwnerUserId" = @UserId
      LIMIT 1
info: Microsoft.EntityFrameworkCore.Database.Command[20101]
      Executed DbCommand (6ms) [Parameters=[@p0='?' (DbType = Guid), @p1='?' (DbType = Int32), @p2='?' (DbType = DateTime), @p3='?', @p4='?', @p5='?' (DbType = DateTime), @p6='?', @p7='?', @p8='?' (DbType = Boolean), @p9='?' (DbType = Int32), @p10='?', @p11='?' (DbType = Decimal), @p12='?' (DbType = Guid), @p13='?' (DbType = Int32), @p14='?' (DbType = DateTime), @p15='?' (DbType = Int32), @p16='?' (DbType = Object), @p17='?'], CommandType='Text', CommandTimeout='30']
      INSERT INTO within."Events" ("Id", "Capacity", "CreatedUtc", "Currency", "Description", "EndUtc", "ExternalBookingUrl", "ImageUrl", "IsOnline", "Lens", "LocationName", "PriceAmount", "ProviderId", "SignupType", "StartUtc", "Status", "Tags", "Title")
      VALUES (@p0, @p1, @p2, @p3, @p4, @p5, @p6, @p7, @p8, @p9, @p10, @p11, @p12, @p13, @p14, @p15, @p16, @p17);
info: Microsoft.EntityFrameworkCore.Database.Command[20101]
      Executed DbCommand (4ms) [Parameters=[@userId='?' (DbType = Guid), @evt_Id='?' (DbType = Guid)], CommandType='Text', CommandTimeout='30']
      SELECT e."Id", e."ProviderId", p."Name", e."Title", e."Description", e."Lens", e."LocationName", e."IsOnline", e."StartUtc", e."EndUtc", e."PriceAmount", e."Currency", e."Capacity", (
          SELECT count(*)::int
          FROM within."EventRegistrations" AS e0
          WHERE e0."EventId" = e."Id" AND e0."State" = 1), EXISTS (
          SELECT 1
          FROM within."SavedEvents" AS s
          WHERE s."EventId" = e."Id" AND s."UserId" = @userId), (
          SELECT e1."State"
          FROM within."EventRegistrations" AS e1
          WHERE e1."EventId" = e."Id" AND e1."UserId" = @userId
          LIMIT 1), e."SignupType", e."ExternalBookingUrl", e."ImageUrl", e."Status", e."Tags"
      FROM within."Events" AS e
      INNER JOIN within."Providers" AS p ON e."ProviderId" = p."Id"
      WHERE e."Id" = @evt_Id
      LIMIT 1
info: Microsoft.EntityFrameworkCore.Database.Command[20101]
      Executed DbCommand (1ms) [Parameters=[@UserId='?' (DbType = Guid)], CommandType='Text', CommandTimeout='30']
      SELECT p."Id", p."Bio", p."CreatedUtc", p."InstagramUrl", p."IsVerified", p."Lens", p."Location", p."Name", p."OwnerUserId", p."Slug", p."WebsiteUrl"
      FROM within."Providers" AS p
      WHERE p."OwnerUserId" = @UserId
      LIMIT 1
info: Microsoft.EntityFrameworkCore.Database.Command[20101]
      Executed DbCommand (1ms) [Parameters=[@userId='?' (DbType = Guid)], CommandType='Text', CommandTimeout='30']
      SELECT p."Id", p."Bio", p."CreatedUtc", p."InstagramUrl", p."IsVerified", p."Lens", p."Location", p."Name", p."OwnerUserId", p."Slug", p."WebsiteUrl"
      FROM within."Providers" AS p
      WHERE p."OwnerUserId" = @userId
      LIMIT 1
info: Microsoft.EntityFrameworkCore.Database.Command[20101]
      Executed DbCommand (1ms) [Parameters=[@userId='?' (DbType = Guid), @provider_Id='?' (DbType = Guid)], CommandType='Text', CommandTimeout='30']
      SELECT e."Id", e."ProviderId", p."Name", e."Title", e."Description", e."Lens", e."LocationName", e."IsOnline", e."StartUtc", e."EndUtc", e."PriceAmount", e."Currency", e."Capacity", (
          SELECT count(*)::int
          FROM within."EventRegistrations" AS e0
          WHERE e0."EventId" = e."Id" AND e0."State" = 1), EXISTS (
          SELECT 1
          FROM within."SavedEvents" AS s
          WHERE s."EventId" = e."Id" AND s."UserId" = @userId), (
          SELECT e1."State"
          FROM within."EventRegistrations" AS e1
          WHERE e1."EventId" = e."Id" AND e1."UserId" = @userId
          LIMIT 1), e."SignupType", e."ExternalBookingUrl", e."ImageUrl", e."Status", e."Tags"
      FROM within."Events" AS e
      INNER JOIN within."Providers" AS p ON e."ProviderId" = p."Id"
      WHERE e."ProviderId" = @provider_Id
      ORDER BY e."StartUtc" DESC
info: Microsoft.EntityFrameworkCore.Database.Command[20101]
      Executed DbCommand (1ms) [Parameters=[@UserId='?' (DbType = Guid)], CommandType='Text', CommandTimeout='30']
      SELECT p."Id", p."Bio", p."CreatedUtc", p."InstagramUrl", p."IsVerified", p."Lens", p."Location", p."Name", p."OwnerUserId", p."Slug", p."WebsiteUrl"
      FROM within."Providers" AS p
      WHERE p."OwnerUserId" = @UserId
      LIMIT 1
info: Microsoft.EntityFrameworkCore.Database.Command[20101]
      Executed DbCommand (1ms) [Parameters=[@userId='?' (DbType = Guid)], CommandType='Text', CommandTimeout='30']
      SELECT p."Id", p."Bio", p."CreatedUtc", p."InstagramUrl", p."IsVerified", p."Lens", p."Location", p."Name", p."OwnerUserId", p."Slug", p."WebsiteUrl"
      FROM within."Providers" AS p
      WHERE p."OwnerUserId" = @userId
      LIMIT 1
info: Microsoft.EntityFrameworkCore.Database.Command[20101]
      Executed DbCommand (1ms) [Parameters=[@userId='?' (DbType = Guid), @provider_Id='?' (DbType = Guid)], CommandType='Text', CommandTimeout='30']
      SELECT e."Id", e."ProviderId", p."Name", e."Title", e."Description", e."Lens", e."LocationName", e."IsOnline", e."StartUtc", e."EndUtc", e."PriceAmount", e."Currency", e."Capacity", (
          SELECT count(*)::int
          FROM within."EventRegistrations" AS e0
          WHERE e0."EventId" = e."Id" AND e0."State" = 1), EXISTS (
          SELECT 1
          FROM within."SavedEvents" AS s
          WHERE s."EventId" = e."Id" AND s."UserId" = @userId), (
          SELECT e1."State"
          FROM within."EventRegistrations" AS e1
          WHERE e1."EventId" = e."Id" AND e1."UserId" = @userId
          LIMIT 1), e."SignupType", e."ExternalBookingUrl", e."ImageUrl", e."Status", e."Tags"
      FROM within."Events" AS e
      INNER JOIN within."Providers" AS p ON e."ProviderId" = p."Id"
      WHERE e."ProviderId" = @provider_Id
      ORDER BY e."StartUtc" DESC
